{"C:\\Users\\HP\\Documents\\ReactNative\\WeatherApp\\Weather\\App.js": {"path":"C:\\Users\\HP\\Documents\\ReactNative\\WeatherApp\\Weather\\App.js","statementMap":{"0":{"start":{"line":9,"column":30},"end":{"line":25,"column":1}},"1":{"start":{"line":10,"column":28},"end":{"line":10,"column":48}},"2":{"start":{"line":11,"column":2},"end":{"line":13,"column":3}},"3":{"start":{"line":12,"column":4},"end":{"line":12,"column":16}},"4":{"start":{"line":15,"column":2},"end":{"line":24,"column":4}}},"fnMap":{"0":{"name":"(anonymous_0)","decl":{"start":{"line":9,"column":30},"end":{"line":9,"column":31}},"loc":{"start":{"line":9,"column":36},"end":{"line":25,"column":1}},"line":9}},"branchMap":{"0":{"loc":{"start":{"line":11,"column":2},"end":{"line":13,"column":3}},"type":"if","locations":[{"start":{"line":11,"column":2},"end":{"line":13,"column":3}},{"start":{"line":11,"column":2},"end":{"line":13,"column":3}}],"line":11}},"s":{"0":0,"1":0,"2":0,"3":0,"4":0},"f":{"0":0},"b":{"0":[0,0]}}
,"C:\\Users\\HP\\Documents\\ReactNative\\WeatherApp\\Weather\\constants\\ApiKey.js": {"path":"C:\\Users\\HP\\Documents\\ReactNative\\WeatherApp\\Weather\\constants\\ApiKey.js","statementMap":{"0":{"start":{"line":1,"column":16},"end":{"line":1,"column":50}},"1":{"start":{"line":2,"column":38},"end":{"line":2,"column":72}}},"fnMap":{},"branchMap":{},"s":{"0":0,"1":0},"f":{},"b":{}}
,"C:\\Users\\HP\\Documents\\ReactNative\\WeatherApp\\Weather\\constants\\Cities.js": {"path":"C:\\Users\\HP\\Documents\\ReactNative\\WeatherApp\\Weather\\constants\\Cities.js","statementMap":{"0":{"start":{"line":1,"column":15},"end":{"line":17,"column":1}}},"fnMap":{},"branchMap":{},"s":{"0":0},"f":{},"b":{}}
,"C:\\Users\\HP\\Documents\\ReactNative\\WeatherApp\\Weather\\constants\\Layout.js": {"path":"C:\\Users\\HP\\Documents\\ReactNative\\WeatherApp\\Weather\\constants\\Layout.js","statementMap":{"0":{"start":{"line":3,"column":14},"end":{"line":3,"column":44}},"1":{"start":{"line":4,"column":15},"end":{"line":4,"column":46}}},"fnMap":{},"branchMap":{},"s":{"0":0,"1":0},"f":{},"b":{}}
,"C:\\Users\\HP\\Documents\\ReactNative\\WeatherApp\\Weather\\constants\\Strings.js": {"path":"C:\\Users\\HP\\Documents\\ReactNative\\WeatherApp\\Weather\\constants\\Strings.js","statementMap":{"0":{"start":{"line":2,"column":20},"end":{"line":2,"column":108}},"1":{"start":{"line":3,"column":28},"end":{"line":3,"column":43}},"2":{"start":{"line":4,"column":30},"end":{"line":4,"column":41}},"3":{"start":{"line":5,"column":32},"end":{"line":5,"column":81}},"4":{"start":{"line":7,"column":2},"end":{"line":7,"column":72}}},"fnMap":{},"branchMap":{},"s":{"0":0,"1":0,"2":0,"3":0,"4":0},"f":{},"b":{}}
,"C:\\Users\\HP\\Documents\\ReactNative\\WeatherApp\\Weather\\hooks\\useCachedResources.js": {"path":"C:\\Users\\HP\\Documents\\ReactNative\\WeatherApp\\Weather\\hooks\\useCachedResources.js","statementMap":{"0":{"start":{"line":6,"column":50},"end":{"line":6,"column":71}},"1":{"start":{"line":9,"column":2},"end":{"line":28,"column":9}},"2":{"start":{"line":11,"column":6},"end":{"line":24,"column":7}},"3":{"start":{"line":13,"column":8},"end":{"line":18,"column":11}},"4":{"start":{"line":21,"column":8},"end":{"line":21,"column":24}},"5":{"start":{"line":23,"column":8},"end":{"line":23,"column":33}},"6":{"start":{"line":27,"column":4},"end":{"line":27,"column":32}},"7":{"start":{"line":30,"column":2},"end":{"line":30,"column":27}}},"fnMap":{"0":{"name":"useCachedResources","decl":{"start":{"line":5,"column":24},"end":{"line":5,"column":42}},"loc":{"start":{"line":5,"column":45},"end":{"line":31,"column":1}},"line":5},"1":{"name":"(anonymous_1)","decl":{"start":{"line":9,"column":18},"end":{"line":9,"column":19}},"loc":{"start":{"line":9,"column":24},"end":{"line":28,"column":3}},"line":9},"2":{"name":"loadResourcesAndDataAsync","decl":{"start":{"line":10,"column":19},"end":{"line":10,"column":44}},"loc":{"start":{"line":10,"column":47},"end":{"line":25,"column":5}},"line":10}},"branchMap":{},"s":{"0":0,"1":0,"2":0,"3":0,"4":0,"5":0,"6":0,"7":0},"f":{"0":0,"1":0,"2":0},"b":{}}
,"C:\\Users\\HP\\Documents\\ReactNative\\WeatherApp\\Weather\\hooks\\useFetch.js": {"path":"C:\\Users\\HP\\Documents\\ReactNative\\WeatherApp\\Weather\\hooks\\useFetch.js","statementMap":{"0":{"start":{"line":6,"column":32},"end":{"line":6,"column":44}},"1":{"start":{"line":7,"column":30},"end":{"line":7,"column":40}},"2":{"start":{"line":8,"column":34},"end":{"line":8,"column":48}},"3":{"start":{"line":10,"column":4},"end":{"line":38,"column":11}},"4":{"start":{"line":11,"column":8},"end":{"line":11,"column":25}},"5":{"start":{"line":11,"column":18},"end":{"line":11,"column":25}},"6":{"start":{"line":12,"column":12},"end":{"line":37,"column":46}},"7":{"start":{"line":13,"column":29},"end":{"line":13,"column":39}},"8":{"start":{"line":15,"column":20},"end":{"line":33,"column":21}},"9":{"start":{"line":16,"column":37},"end":{"line":16,"column":54}},"10":{"start":{"line":17,"column":24},"end":{"line":30,"column":27}},"11":{"start":{"line":18,"column":49},"end":{"line":18,"column":78}},"12":{"start":{"line":19,"column":49},"end":{"line":19,"column":78}},"13":{"start":{"line":21,"column":28},"end":{"line":23,"column":29}},"14":{"start":{"line":22,"column":32},"end":{"line":22,"column":42}},"15":{"start":{"line":24,"column":28},"end":{"line":26,"column":29}},"16":{"start":{"line":25,"column":32},"end":{"line":25,"column":41}},"17":{"start":{"line":29,"column":28},"end":{"line":29,"column":37}},"18":{"start":{"line":31,"column":24},"end":{"line":31,"column":55}},"19":{"start":{"line":32,"column":24},"end":{"line":32,"column":31}},"20":{"start":{"line":34,"column":20},"end":{"line":34,"column":35}},"21":{"start":{"line":37,"column":27},"end":{"line":37,"column":44}},"22":{"start":{"line":40,"column":4},"end":{"line":44,"column":6}},"23":{"start":{"line":48,"column":36},"end":{"line":48,"column":48}},"24":{"start":{"line":50,"column":4},"end":{"line":57,"column":7}},"25":{"start":{"line":51,"column":24},"end":{"line":54,"column":10}},"26":{"start":{"line":52,"column":30},"end":{"line":52,"column":54}},"27":{"start":{"line":53,"column":12},"end":{"line":53,"column":31}},"28":{"start":{"line":55,"column":26},"end":{"line":55,"column":45}},"29":{"start":{"line":56,"column":8},"end":{"line":56,"column":33}},"30":{"start":{"line":59,"column":4},"end":{"line":59,"column":34}}},"fnMap":{"0":{"name":"useFetch","decl":{"start":{"line":5,"column":16},"end":{"line":5,"column":24}},"loc":{"start":{"line":5,"column":44},"end":{"line":45,"column":1}},"line":5},"1":{"name":"(anonymous_1)","decl":{"start":{"line":10,"column":14},"end":{"line":10,"column":15}},"loc":{"start":{"line":10,"column":20},"end":{"line":38,"column":5}},"line":10},"2":{"name":"(anonymous_2)","decl":{"start":{"line":13,"column":20},"end":{"line":13,"column":21}},"loc":{"start":{"line":13,"column":29},"end":{"line":13,"column":39}},"line":13},"3":{"name":"(anonymous_3)","decl":{"start":{"line":14,"column":22},"end":{"line":14,"column":23}},"loc":{"start":{"line":14,"column":29},"end":{"line":35,"column":15}},"line":14},"4":{"name":"(anonymous_4)","decl":{"start":{"line":17,"column":36},"end":{"line":17,"column":37}},"loc":{"start":{"line":17,"column":46},"end":{"line":30,"column":25}},"line":17},"5":{"name":"(anonymous_5)","decl":{"start":{"line":37,"column":21},"end":{"line":37,"column":22}},"loc":{"start":{"line":37,"column":27},"end":{"line":37,"column":44}},"line":37},"6":{"name":"composeURL","decl":{"start":{"line":47,"column":16},"end":{"line":47,"column":26}},"loc":{"start":{"line":47,"column":32},"end":{"line":61,"column":1}},"line":47},"7":{"name":"(anonymous_7)","decl":{"start":{"line":50,"column":14},"end":{"line":50,"column":15}},"loc":{"start":{"line":50,"column":20},"end":{"line":57,"column":5}},"line":50},"8":{"name":"(anonymous_8)","decl":{"start":{"line":51,"column":32},"end":{"line":51,"column":33}},"loc":{"start":{"line":51,"column":44},"end":{"line":54,"column":9}},"line":51}},"branchMap":{"0":{"loc":{"start":{"line":5,"column":30},"end":{"line":5,"column":42}},"type":"default-arg","locations":[{"start":{"line":5,"column":38},"end":{"line":5,"column":42}}],"line":5},"1":{"loc":{"start":{"line":11,"column":8},"end":{"line":11,"column":25}},"type":"if","locations":[{"start":{"line":11,"column":8},"end":{"line":11,"column":25}},{"start":{"line":11,"column":8},"end":{"line":11,"column":25}}],"line":11},"2":{"loc":{"start":{"line":15,"column":20},"end":{"line":33,"column":21}},"type":"if","locations":[{"start":{"line":15,"column":20},"end":{"line":33,"column":21}},{"start":{"line":15,"column":20},"end":{"line":33,"column":21}}],"line":15},"3":{"loc":{"start":{"line":15,"column":24},"end":{"line":15,"column":65}},"type":"binary-expr","locations":[{"start":{"line":15,"column":24},"end":{"line":15,"column":43}},{"start":{"line":15,"column":47},"end":{"line":15,"column":65}}],"line":15},"4":{"loc":{"start":{"line":21,"column":28},"end":{"line":23,"column":29}},"type":"if","locations":[{"start":{"line":21,"column":28},"end":{"line":23,"column":29}},{"start":{"line":21,"column":28},"end":{"line":23,"column":29}}],"line":21},"5":{"loc":{"start":{"line":24,"column":28},"end":{"line":26,"column":29}},"type":"if","locations":[{"start":{"line":24,"column":28},"end":{"line":26,"column":29}},{"start":{"line":24,"column":28},"end":{"line":26,"column":29}}],"line":24}},"s":{"0":0,"1":0,"2":0,"3":0,"4":0,"5":0,"6":0,"7":0,"8":0,"9":0,"10":0,"11":0,"12":0,"13":0,"14":0,"15":0,"16":0,"17":0,"18":0,"19":0,"20":0,"21":0,"22":0,"23":0,"24":0,"25":0,"26":0,"27":0,"28":0,"29":0,"30":0},"f":{"0":0,"1":0,"2":0,"3":0,"4":0,"5":0,"6":0,"7":0,"8":0},"b":{"0":[0],"1":[0,0],"2":[0,0],"3":[0,0],"4":[0,0],"5":[0,0]}}
,"C:\\Users\\HP\\Documents\\ReactNative\\WeatherApp\\Weather\\redux\\actions.js": {"path":"C:\\Users\\HP\\Documents\\ReactNative\\WeatherApp\\Weather\\redux\\actions.js","statementMap":{"0":{"start":{"line":1,"column":33},"end":{"line":1,"column":52}},"1":{"start":{"line":2,"column":27},"end":{"line":2,"column":40}},"2":{"start":{"line":3,"column":41},"end":{"line":3,"column":48}},"3":{"start":{"line":4,"column":32},"end":{"line":4,"column":46}},"4":{"start":{"line":5,"column":33},"end":{"line":5,"column":46}},"5":{"start":{"line":6,"column":26},"end":{"line":6,"column":38}},"6":{"start":{"line":7,"column":36},"end":{"line":7,"column":58}},"7":{"start":{"line":10,"column":4},"end":{"line":13,"column":6}},"8":{"start":{"line":17,"column":4},"end":{"line":20,"column":6}},"9":{"start":{"line":24,"column":4},"end":{"line":27,"column":6}},"10":{"start":{"line":31,"column":4},"end":{"line":34,"column":6}},"11":{"start":{"line":38,"column":4},"end":{"line":42,"column":6}},"12":{"start":{"line":46,"column":4},"end":{"line":49,"column":6}},"13":{"start":{"line":53,"column":4},"end":{"line":56,"column":6}}},"fnMap":{"0":{"name":"getWeatherDetails","decl":{"start":{"line":9,"column":16},"end":{"line":9,"column":33}},"loc":{"start":{"line":9,"column":40},"end":{"line":14,"column":1}},"line":9},"1":{"name":"filterCities","decl":{"start":{"line":16,"column":16},"end":{"line":16,"column":28}},"loc":{"start":{"line":16,"column":35},"end":{"line":21,"column":1}},"line":16},"2":{"name":"setDetailScreen","decl":{"start":{"line":23,"column":16},"end":{"line":23,"column":31}},"loc":{"start":{"line":23,"column":39},"end":{"line":28,"column":1}},"line":23},"3":{"name":"removeFromList","decl":{"start":{"line":30,"column":16},"end":{"line":30,"column":30}},"loc":{"start":{"line":30,"column":38},"end":{"line":35,"column":1}},"line":30},"4":{"name":"addToFavourites","decl":{"start":{"line":37,"column":16},"end":{"line":37,"column":31}},"loc":{"start":{"line":37,"column":39},"end":{"line":43,"column":1}},"line":37},"5":{"name":"getMyWeather","decl":{"start":{"line":45,"column":16},"end":{"line":45,"column":28}},"loc":{"start":{"line":45,"column":35},"end":{"line":50,"column":1}},"line":45},"6":{"name":"removeFromFavorite","decl":{"start":{"line":52,"column":16},"end":{"line":52,"column":34}},"loc":{"start":{"line":52,"column":42},"end":{"line":57,"column":1}},"line":52}},"branchMap":{},"s":{"0":0,"1":0,"2":0,"3":0,"4":0,"5":0,"6":0,"7":0,"8":0,"9":0,"10":0,"11":0,"12":0,"13":0},"f":{"0":0,"1":0,"2":0,"3":0,"4":0,"5":0,"6":0},"b":{}}
,"C:\\Users\\HP\\Documents\\ReactNative\\WeatherApp\\Weather\\redux\\reducers.js": {"path":"C:\\Users\\HP\\Documents\\ReactNative\\WeatherApp\\Weather\\redux\\reducers.js","statementMap":{"0":{"start":{"line":15,"column":4},"end":{"line":87,"column":5}},"1":{"start":{"line":17,"column":12},"end":{"line":17,"column":37}},"2":{"start":{"line":19,"column":28},"end":{"line":19,"column":53}},"3":{"start":{"line":20,"column":27},"end":{"line":22,"column":14}},"4":{"start":{"line":21,"column":16},"end":{"line":21,"column":73}},"5":{"start":{"line":23,"column":12},"end":{"line":23,"column":65}},"6":{"start":{"line":23,"column":50},"end":{"line":23,"column":63}},"7":{"start":{"line":24,"column":12},"end":{"line":29,"column":13}},"8":{"start":{"line":25,"column":16},"end":{"line":25,"column":29}},"9":{"start":{"line":27,"column":17},"end":{"line":29,"column":13}},"10":{"start":{"line":28,"column":16},"end":{"line":28,"column":32}},"11":{"start":{"line":31,"column":29},"end":{"line":31,"column":39}},"12":{"start":{"line":32,"column":12},"end":{"line":32,"column":47}},"13":{"start":{"line":33,"column":12},"end":{"line":33,"column":30}},"14":{"start":{"line":38,"column":12},"end":{"line":40,"column":13}},"15":{"start":{"line":39,"column":16},"end":{"line":39,"column":29}},"16":{"start":{"line":41,"column":24},"end":{"line":41,"column":26}},"17":{"start":{"line":42,"column":27},"end":{"line":42,"column":56}},"18":{"start":{"line":43,"column":12},"end":{"line":43,"column":40}},"19":{"start":{"line":44,"column":36},"end":{"line":44,"column":56}},"20":{"start":{"line":45,"column":12},"end":{"line":52,"column":13}},"21":{"start":{"line":45,"column":25},"end":{"line":45,"column":26}},"22":{"start":{"line":46,"column":14},"end":{"line":51,"column":17}},"23":{"start":{"line":47,"column":16},"end":{"line":47,"column":52}},"24":{"start":{"line":50,"column":18},"end":{"line":50,"column":24}},"25":{"start":{"line":53,"column":12},"end":{"line":61,"column":13}},"26":{"start":{"line":54,"column":16},"end":{"line":54,"column":43}},"27":{"start":{"line":55,"column":16},"end":{"line":55,"column":29}},"28":{"start":{"line":58,"column":30},"end":{"line":58,"column":59}},"29":{"start":{"line":59,"column":16},"end":{"line":59,"column":77}},"30":{"start":{"line":60,"column":16},"end":{"line":60,"column":29}},"31":{"start":{"line":63,"column":12},"end":{"line":65,"column":13}},"32":{"start":{"line":64,"column":16},"end":{"line":64,"column":29}},"33":{"start":{"line":66,"column":12},"end":{"line":66,"column":23}},"34":{"start":{"line":67,"column":29},"end":{"line":67,"column":58}},"35":{"start":{"line":68,"column":12},"end":{"line":68,"column":43}},"36":{"start":{"line":69,"column":12},"end":{"line":69,"column":53}},"37":{"start":{"line":70,"column":12},"end":{"line":76,"column":13}},"38":{"start":{"line":70,"column":25},"end":{"line":70,"column":26}},"39":{"start":{"line":71,"column":16},"end":{"line":75,"column":17}},"40":{"start":{"line":72,"column":20},"end":{"line":72,"column":44}},"41":{"start":{"line":74,"column":20},"end":{"line":74,"column":26}},"42":{"start":{"line":77,"column":12},"end":{"line":83,"column":13}},"43":{"start":{"line":78,"column":16},"end":{"line":78,"column":42}},"44":{"start":{"line":79,"column":16},"end":{"line":79,"column":29}},"45":{"start":{"line":82,"column":16},"end":{"line":82,"column":80}},"46":{"start":{"line":86,"column":12},"end":{"line":86,"column":25}},"47":{"start":{"line":91,"column":4},"end":{"line":96,"column":5}},"48":{"start":{"line":93,"column":12},"end":{"line":93,"column":32}},"49":{"start":{"line":95,"column":12},"end":{"line":95,"column":25}},"50":{"start":{"line":99,"column":22},"end":{"line":99,"column":24}},"51":{"start":{"line":101,"column":4},"end":{"line":107,"column":5}},"52":{"start":{"line":103,"column":12},"end":{"line":103,"column":46}},"53":{"start":{"line":104,"column":12},"end":{"line":104,"column":31}},"54":{"start":{"line":106,"column":12},"end":{"line":106,"column":25}},"55":{"start":{"line":110,"column":20},"end":{"line":113,"column":2}}},"fnMap":{"0":{"name":"weatherStateReducer","decl":{"start":{"line":14,"column":16},"end":{"line":14,"column":35}},"loc":{"start":{"line":14,"column":56},"end":{"line":88,"column":1}},"line":14},"1":{"name":"(anonymous_1)","decl":{"start":{"line":20,"column":40},"end":{"line":20,"column":41}},"loc":{"start":{"line":20,"column":48},"end":{"line":22,"column":13}},"line":20},"2":{"name":"CitiesDetailIndex","decl":{"start":{"line":90,"column":16},"end":{"line":90,"column":33}},"loc":{"start":{"line":90,"column":53},"end":{"line":97,"column":1}},"line":90},"3":{"name":"myWeatherReducer","decl":{"start":{"line":100,"column":16},"end":{"line":100,"column":32}},"loc":{"start":{"line":100,"column":64},"end":{"line":108,"column":1}},"line":100}},"branchMap":{"0":{"loc":{"start":{"line":14,"column":36},"end":{"line":14,"column":46}},"type":"default-arg","locations":[{"start":{"line":14,"column":44},"end":{"line":14,"column":46}}],"line":14},"1":{"loc":{"start":{"line":15,"column":4},"end":{"line":87,"column":5}},"type":"switch","locations":[{"start":{"line":16,"column":8},"end":{"line":17,"column":37}},{"start":{"line":18,"column":8},"end":{"line":29,"column":13}},{"start":{"line":30,"column":8},"end":{"line":33,"column":30}},{"start":{"line":34,"column":8},"end":{"line":61,"column":13}},{"start":{"line":62,"column":8},"end":{"line":83,"column":13}},{"start":{"line":85,"column":8},"end":{"line":86,"column":25}}],"line":15},"2":{"loc":{"start":{"line":23,"column":12},"end":{"line":23,"column":65}},"type":"if","locations":[{"start":{"line":23,"column":12},"end":{"line":23,"column":65}},{"start":{"line":23,"column":12},"end":{"line":23,"column":65}}],"line":23},"3":{"loc":{"start":{"line":23,"column":16},"end":{"line":23,"column":46}},"type":"binary-expr","locations":[{"start":{"line":23,"column":16},"end":{"line":23,"column":26}},{"start":{"line":23,"column":30},"end":{"line":23,"column":46}}],"line":23},"4":{"loc":{"start":{"line":24,"column":12},"end":{"line":29,"column":13}},"type":"if","locations":[{"start":{"line":24,"column":12},"end":{"line":29,"column":13}},{"start":{"line":24,"column":12},"end":{"line":29,"column":13}}],"line":24},"5":{"loc":{"start":{"line":24,"column":16},"end":{"line":24,"column":60}},"type":"binary-expr","locations":[{"start":{"line":24,"column":16},"end":{"line":24,"column":40}},{"start":{"line":24,"column":44},"end":{"line":24,"column":60}}],"line":24},"6":{"loc":{"start":{"line":27,"column":17},"end":{"line":29,"column":13}},"type":"if","locations":[{"start":{"line":27,"column":17},"end":{"line":29,"column":13}},{"start":{"line":27,"column":17},"end":{"line":29,"column":13}}],"line":27},"7":{"loc":{"start":{"line":38,"column":12},"end":{"line":40,"column":13}},"type":"if","locations":[{"start":{"line":38,"column":12},"end":{"line":40,"column":13}},{"start":{"line":38,"column":12},"end":{"line":40,"column":13}}],"line":38},"8":{"loc":{"start":{"line":46,"column":14},"end":{"line":51,"column":17}},"type":"if","locations":[{"start":{"line":46,"column":14},"end":{"line":51,"column":17}},{"start":{"line":46,"column":14},"end":{"line":51,"column":17}}],"line":46},"9":{"loc":{"start":{"line":53,"column":12},"end":{"line":61,"column":13}},"type":"if","locations":[{"start":{"line":53,"column":12},"end":{"line":61,"column":13}},{"start":{"line":53,"column":12},"end":{"line":61,"column":13}}],"line":53},"10":{"loc":{"start":{"line":63,"column":12},"end":{"line":65,"column":13}},"type":"if","locations":[{"start":{"line":63,"column":12},"end":{"line":65,"column":13}},{"start":{"line":63,"column":12},"end":{"line":65,"column":13}}],"line":63},"11":{"loc":{"start":{"line":71,"column":16},"end":{"line":75,"column":17}},"type":"if","locations":[{"start":{"line":71,"column":16},"end":{"line":75,"column":17}},{"start":{"line":71,"column":16},"end":{"line":75,"column":17}}],"line":71},"12":{"loc":{"start":{"line":77,"column":12},"end":{"line":83,"column":13}},"type":"if","locations":[{"start":{"line":77,"column":12},"end":{"line":83,"column":13}},{"start":{"line":77,"column":12},"end":{"line":83,"column":13}}],"line":77},"13":{"loc":{"start":{"line":90,"column":34},"end":{"line":90,"column":43}},"type":"default-arg","locations":[{"start":{"line":90,"column":42},"end":{"line":90,"column":43}}],"line":90},"14":{"loc":{"start":{"line":91,"column":4},"end":{"line":96,"column":5}},"type":"switch","locations":[{"start":{"line":92,"column":8},"end":{"line":93,"column":32}},{"start":{"line":94,"column":8},"end":{"line":95,"column":25}}],"line":91},"15":{"loc":{"start":{"line":100,"column":33},"end":{"line":100,"column":54}},"type":"default-arg","locations":[{"start":{"line":100,"column":41},"end":{"line":100,"column":54}}],"line":100},"16":{"loc":{"start":{"line":101,"column":4},"end":{"line":107,"column":5}},"type":"switch","locations":[{"start":{"line":102,"column":8},"end":{"line":104,"column":31}},{"start":{"line":105,"column":8},"end":{"line":106,"column":25}}],"line":101}},"s":{"0":0,"1":0,"2":0,"3":0,"4":0,"5":0,"6":0,"7":0,"8":0,"9":0,"10":0,"11":0,"12":0,"13":0,"14":0,"15":0,"16":0,"17":0,"18":0,"19":0,"20":0,"21":0,"22":0,"23":0,"24":0,"25":0,"26":0,"27":0,"28":0,"29":0,"30":0,"31":0,"32":0,"33":0,"34":0,"35":0,"36":0,"37":0,"38":0,"39":0,"40":0,"41":0,"42":0,"43":0,"44":0,"45":0,"46":0,"47":0,"48":0,"49":0,"50":0,"51":0,"52":0,"53":0,"54":0,"55":0},"f":{"0":0,"1":0,"2":0,"3":0},"b":{"0":[0],"1":[0,0,0,0,0,0],"2":[0,0],"3":[0,0],"4":[0,0],"5":[0,0],"6":[0,0],"7":[0,0],"8":[0,0],"9":[0,0],"10":[0,0],"11":[0,0],"12":[0,0],"13":[0],"14":[0,0],"15":[0],"16":[0,0]}}
,"C:\\Users\\HP\\Documents\\ReactNative\\WeatherApp\\Weather\\redux\\store.js": {"path":"C:\\Users\\HP\\Documents\\ReactNative\\WeatherApp\\Weather\\redux\\store.js","statementMap":{"0":{"start":{"line":17,"column":22},"end":{"line":20,"column":1}},"1":{"start":{"line":22,"column":25},"end":{"line":22,"column":67}},"2":{"start":{"line":23,"column":14},"end":{"line":23,"column":43}},"3":{"start":{"line":27,"column":25},"end":{"line":27,"column":44}},"4":{"start":{"line":29,"column":38},"end":{"line":29,"column":87}},"5":{"start":{"line":29,"column":48},"end":{"line":29,"column":87}},"6":{"start":{"line":30,"column":33},"end":{"line":30,"column":77}},"7":{"start":{"line":30,"column":43},"end":{"line":30,"column":77}},"8":{"start":{"line":31,"column":36},"end":{"line":31,"column":85}},"9":{"start":{"line":31,"column":47},"end":{"line":31,"column":85}},"10":{"start":{"line":32,"column":35},"end":{"line":35,"column":1}},"11":{"start":{"line":34,"column":4},"end":{"line":34,"column":42}},"12":{"start":{"line":36,"column":36},"end":{"line":39,"column":1}},"13":{"start":{"line":38,"column":4},"end":{"line":38,"column":43}},"14":{"start":{"line":41,"column":33},"end":{"line":41,"column":81}},"15":{"start":{"line":41,"column":44},"end":{"line":41,"column":81}},"16":{"start":{"line":42,"column":40},"end":{"line":42,"column":90}},"17":{"start":{"line":42,"column":49},"end":{"line":42,"column":90}}},"fnMap":{"0":{"name":"(anonymous_0)","decl":{"start":{"line":29,"column":38},"end":{"line":29,"column":39}},"loc":{"start":{"line":29,"column":48},"end":{"line":29,"column":87}},"line":29},"1":{"name":"(anonymous_1)","decl":{"start":{"line":30,"column":33},"end":{"line":30,"column":34}},"loc":{"start":{"line":30,"column":43},"end":{"line":30,"column":77}},"line":30},"2":{"name":"(anonymous_2)","decl":{"start":{"line":31,"column":36},"end":{"line":31,"column":37}},"loc":{"start":{"line":31,"column":47},"end":{"line":31,"column":85}},"line":31},"3":{"name":"(anonymous_3)","decl":{"start":{"line":32,"column":35},"end":{"line":32,"column":36}},"loc":{"start":{"line":32,"column":46},"end":{"line":35,"column":1}},"line":32},"4":{"name":"(anonymous_4)","decl":{"start":{"line":36,"column":36},"end":{"line":36,"column":37}},"loc":{"start":{"line":36,"column":47},"end":{"line":39,"column":1}},"line":36},"5":{"name":"(anonymous_5)","decl":{"start":{"line":41,"column":33},"end":{"line":41,"column":34}},"loc":{"start":{"line":41,"column":44},"end":{"line":41,"column":81}},"line":41},"6":{"name":"(anonymous_6)","decl":{"start":{"line":42,"column":40},"end":{"line":42,"column":41}},"loc":{"start":{"line":42,"column":49},"end":{"line":42,"column":90}},"line":42}},"branchMap":{},"s":{"0":0,"1":0,"2":0,"3":0,"4":0,"5":0,"6":0,"7":0,"8":0,"9":0,"10":0,"11":0,"12":0,"13":0,"14":0,"15":0,"16":0,"17":0},"f":{"0":0,"1":0,"2":0,"3":0,"4":0,"5":0,"6":0},"b":{}}
,"C:\\Users\\HP\\Documents\\ReactNative\\WeatherApp\\Weather\\util\\SortCities.js": {"path":"C:\\Users\\HP\\Documents\\ReactNative\\WeatherApp\\Weather\\util\\SortCities.js","statementMap":{"0":{"start":{"line":2,"column":25},"end":{"line":2,"column":54}},"1":{"start":{"line":3,"column":25},"end":{"line":3,"column":54}},"2":{"start":{"line":5,"column":4},"end":{"line":7,"column":5}},"3":{"start":{"line":6,"column":6},"end":{"line":6,"column":16}},"4":{"start":{"line":8,"column":4},"end":{"line":10,"column":5}},"5":{"start":{"line":9,"column":6},"end":{"line":9,"column":15}},"6":{"start":{"line":12,"column":4},"end":{"line":12,"column":13}}},"fnMap":{"0":{"name":"SortCities","decl":{"start":{"line":1,"column":24},"end":{"line":1,"column":34}},"loc":{"start":{"line":1,"column":41},"end":{"line":13,"column":1}},"line":1}},"branchMap":{"0":{"loc":{"start":{"line":5,"column":4},"end":{"line":7,"column":5}},"type":"if","locations":[{"start":{"line":5,"column":4},"end":{"line":7,"column":5}},{"start":{"line":5,"column":4},"end":{"line":7,"column":5}}],"line":5},"1":{"loc":{"start":{"line":8,"column":4},"end":{"line":10,"column":5}},"type":"if","locations":[{"start":{"line":8,"column":4},"end":{"line":10,"column":5}},{"start":{"line":8,"column":4},"end":{"line":10,"column":5}}],"line":8}},"s":{"0":0,"1":0,"2":0,"3":0,"4":0,"5":0,"6":0},"f":{"0":0},"b":{"0":[0,0],"1":[0,0]}}
,"C:\\Users\\HP\\Documents\\ReactNative\\WeatherApp\\Weather\\util\\StorageUtil.js": {"path":"C:\\Users\\HP\\Documents\\ReactNative\\WeatherApp\\Weather\\util\\StorageUtil.js","statementMap":{"0":{"start":{"line":5,"column":32},"end":{"line":5,"column":33}},"1":{"start":{"line":7,"column":20},"end":{"line":31,"column":1}},"2":{"start":{"line":8,"column":21},"end":{"line":8,"column":52}},"3":{"start":{"line":9,"column":21},"end":{"line":9,"column":43}},"4":{"start":{"line":10,"column":4},"end":{"line":30,"column":5}},"5":{"start":{"line":11,"column":8},"end":{"line":20,"column":9}},"6":{"start":{"line":12,"column":22},"end":{"line":12,"column":44}},"7":{"start":{"line":13,"column":12},"end":{"line":13,"column":66}},"8":{"start":{"line":14,"column":12},"end":{"line":16,"column":13}},"9":{"start":{"line":15,"column":16},"end":{"line":15,"column":27}},"10":{"start":{"line":23,"column":8},"end":{"line":29,"column":21}},"11":{"start":{"line":24,"column":12},"end":{"line":24,"column":63}},"12":{"start":{"line":25,"column":12},"end":{"line":27,"column":13}},"13":{"start":{"line":26,"column":16},"end":{"line":26,"column":47}}},"fnMap":{"0":{"name":"(anonymous_0)","decl":{"start":{"line":7,"column":20},"end":{"line":7,"column":21}},"loc":{"start":{"line":7,"column":42},"end":{"line":31,"column":1}},"line":7}},"branchMap":{"0":{"loc":{"start":{"line":10,"column":4},"end":{"line":30,"column":5}},"type":"if","locations":[{"start":{"line":10,"column":4},"end":{"line":30,"column":5}},{"start":{"line":10,"column":4},"end":{"line":30,"column":5}}],"line":10},"1":{"loc":{"start":{"line":14,"column":12},"end":{"line":16,"column":13}},"type":"if","locations":[{"start":{"line":14,"column":12},"end":{"line":16,"column":13}},{"start":{"line":14,"column":12},"end":{"line":16,"column":13}}],"line":14},"2":{"loc":{"start":{"line":25,"column":12},"end":{"line":27,"column":13}},"type":"if","locations":[{"start":{"line":25,"column":12},"end":{"line":27,"column":13}},{"start":{"line":25,"column":12},"end":{"line":27,"column":13}}],"line":25}},"s":{"0":0,"1":0,"2":0,"3":0,"4":0,"5":0,"6":0,"7":0,"8":0,"9":0,"10":0,"11":0,"12":0,"13":0},"f":{"0":0},"b":{"0":[0,0],"1":[0,0],"2":[0,0]}}
}
